<?xml version="1.0" encoding="UTF-8" ?>
<testsuite tests="6" failures="0" name="TestRouteCalculator" time="0.037" errors="0" skipped="0">
  <properties>
    <property name="idea.version" value="2018.2.4"/>
    <property name="java.runtime.name" value="Java(TM) SE Runtime Environment"/>
    <property name="java.vm.version" value="13.0.1+9"/>
    <property name="sun.boot.library.path" value="C:\Program Files\Java\jdk-13.0.1\bin"/>
    <property name="maven.multiModuleProjectDirectory" value="D:\Skillbox\M8\HW2\SPBMetro"/>
    <property name="java.vm.vendor" value="Oracle Corporation"/>
    <property name="java.vendor.url" value="https://java.oracle.com/"/>
    <property name="guice.disable.misplaced.annotation.check" value="true"/>
    <property name="path.separator" value=";"/>
    <property name="java.vm.name" value="Java HotSpot(TM) 64-Bit Server VM"/>
    <property name="idea.launcher.port" value="54518"/>
    <property name="sun.os.patch.level" value=""/>
    <property name="user.script" value=""/>
    <property name="user.country" value="RU"/>
    <property name="sun.java.launcher" value="SUN_STANDARD"/>
    <property name="java.vm.specification.name" value="Java Virtual Machine Specification"/>
    <property name="user.dir" value="D:\Skillbox\M8\HW2\SPBMetro"/>
    <property name="java.vm.compressedOopsMode" value="32-bit"/>
    <property name="java.runtime.version" value="13.0.1+9"/>
    <property name="os.arch" value="amd64"/>
    <property name="java.io.tmpdir" value="C:\Users\Mihail\AppData\Local\Temp\"/>
    <property name="line.separator" value="
"/>
    <property name="java.vm.specification.vendor" value="Oracle Corporation"/>
    <property name="user.variant" value=""/>
    <property name="os.name" value="Windows 10"/>
    <property name="classworlds.conf" value="D:\Programms\IntelliJ IDEA Community Edition 2018.2.4\plugins\maven\lib\maven3\bin\m2.conf"/>
    <property name="sun.jnu.encoding" value="Cp1251"/>
    <property name="java.library.path" value="C:\Program Files\Java\jdk-13.0.1\bin;C:\Windows\Sun\Java\bin;C:\Windows\system32;C:\Windows;C:\Program Files (x86)\Common Files\Oracle\Java\javapath;C:\Program Files\Java\jdk-13.0.1\bin;D:\Programms\Git\cmd;&quot;C:\Windows\system32;C:\Windows;C:\Windows\System32\Wbem&quot;;C:\Users\Mihail\AppData\Local\Microsoft\WindowsApps;D:\Programms\Microsoft VS Code\bin;&quot;C:\Windows\system32;C:\Windows;C:\Windows\System32\Wbem&quot;;;."/>
    <property name="jdk.debug" value="release"/>
    <property name="java.class.version" value="57.0"/>
    <property name="java.specification.name" value="Java Platform API Specification"/>
    <property name="sun.management.compiler" value="HotSpot 64-Bit Tiered Compilers"/>
    <property name="os.version" value="10.0"/>
    <property name="user.home" value="C:\Users\Mihail"/>
    <property name="user.timezone" value="Europe/Moscow"/>
    <property name="idea.launcher.bin.path" value="D:\Programms\IntelliJ IDEA Community Edition 2018.2.4\bin"/>
    <property name="file.encoding" value="UTF-8"/>
    <property name="java.specification.version" value="13"/>
    <property name="user.name" value="Mihail"/>
    <property name="java.class.path" value="D:\Programms\IntelliJ IDEA Community Edition 2018.2.4\plugins\maven\lib\maven3\boot\plexus-classworlds-2.5.2.jar;D:\Programms\IntelliJ IDEA Community Edition 2018.2.4\lib\idea_rt.jar"/>
    <property name="java.vm.specification.version" value="13"/>
    <property name="sun.arch.data.model" value="64"/>
    <property name="sun.java.command" value="com.intellij.rt.execution.application.AppMainV2 org.codehaus.classworlds.Launcher -Didea.version=2018.2.4 install"/>
    <property name="java.home" value="C:\Program Files\Java\jdk-13.0.1"/>
    <property name="user.language" value="ru"/>
    <property name="java.specification.vendor" value="Oracle Corporation"/>
    <property name="java.vm.info" value="mixed mode, sharing"/>
    <property name="java.version" value="13.0.1"/>
    <property name="java.vendor" value="Oracle Corporation"/>
    <property name="maven.home" value="D:\Programms\IntelliJ IDEA Community Edition 2018.2.4\plugins\maven\lib\maven3"/>
    <property name="file.separator" value="\"/>
    <property name="java.version.date" value="2019-10-15"/>
    <property name="java.vendor.url.bug" value="https://bugreport.java.com/bugreport/"/>
    <property name="sun.io.unicode.encoding" value="UnicodeLittle"/>
    <property name="sun.cpu.endian" value="little"/>
    <property name="sun.cpu.isalist" value="amd64"/>
  </properties>
  <testcase classname="TestRouteCalculator" name="testStationsNextToEachOtherOnSingleLine" time="0.031"/>
  <testcase classname="TestRouteCalculator" name="testCalculateDuration" time="0"/>
  <testcase classname="TestRouteCalculator" name="testOppositeStationsWithTwoTransfers" time="0.001"/>
  <testcase classname="TestRouteCalculator" name="testOppositeStationsOnSingleLine" time="0.002"/>
  <testcase classname="TestRouteCalculator" name="testDistanceToSameStation" time="0.002"/>
  <testcase classname="TestRouteCalculator" name="testOppositeStationsWithOneTransfer" time="0.001"/>
</testsuite>